0 info it worked if it ends with ok
1 verbose cli [ 'C:\\Program Files (x86)\\nodejs\\\\node.exe',
1 verbose cli   'C:\\Program Files (x86)\\nodejs\\node_modules\\npm\\bin\\npm-cli.js',
1 verbose cli   'install',
1 verbose cli   'libxmljs' ]
2 info using npm@1.1.61
3 info using node@v0.8.9
4 verbose node symlink C:\Program Files (x86)\nodejs\\node.exe
5 verbose read json C:\workspace\apihackday\package.json
6 verbose read json C:\workspace\apihackday\node_modules\connect\package.json
7 verbose read json C:\workspace\apihackday\node_modules\express\package.json
8 verbose read json C:\workspace\apihackday\node_modules\mailer\package.json
9 verbose read json C:\workspace\apihackday\node_modules\module\package.json
10 verbose read json C:\workspace\apihackday\node_modules\node\package.json
11 verbose read json C:\workspace\apihackday\node_modules\require\package.json
12 verbose read json C:\workspace\apihackday\node_modules\routes\package.json
13 verbose read json C:\workspace\apihackday\node_modules\sendgrid-nodejs\package.json
14 verbose from cache C:\workspace\apihackday\package.json
15 verbose readDependencies using package.json deps
16 verbose cache add [ 'libxmljs', null ]
17 silly cache add name=undefined spec="libxmljs" args=["libxmljs",null]
18 verbose parsed url { pathname: 'libxmljs', path: 'libxmljs', href: 'libxmljs' }
19 silly lockFile 7cc0caa4-libxmljs libxmljs
20 verbose lock libxmljs C:\Users\Travis\AppData\Roaming\npm-cache\7cc0caa4-libxmljs.lock
21 silly lockFile 7cc0caa4-libxmljs libxmljs
22 verbose addNamed [ 'libxmljs', '' ]
23 verbose addNamed [ null, '' ]
24 silly lockFile facb906b-libxmljs libxmljs@
25 verbose lock libxmljs@ C:\Users\Travis\AppData\Roaming\npm-cache\facb906b-libxmljs.lock
26 silly addNameRange { name: 'libxmljs', range: '', hasData: false }
27 verbose url raw libxmljs
28 verbose url resolving [ 'https://registry.npmjs.org/', './libxmljs' ]
29 verbose url resolved https://registry.npmjs.org/libxmljs
30 info trying registry request attempt 1 at 16:51:58
31 http GET https://registry.npmjs.org/libxmljs
32 http 200 https://registry.npmjs.org/libxmljs
33 silly registry.get cb [ 200,
33 silly registry.get   { vary: 'Accept',
33 silly registry.get     server: 'CouchDB/1.2.0 (Erlang OTP/R15B)',
33 silly registry.get     etag: '"AIBPRYUYO02Q9NOA7PWVWLZJC"',
33 silly registry.get     date: 'Sat, 27 Oct 2012 22:51:55 GMT',
33 silly registry.get     'content-type': 'application/json',
33 silly registry.get     'content-length': '23395' } ]
34 silly addNameRange number 2 { name: 'libxmljs', range: '', hasData: true }
35 silly addNameRange versions [ 'libxmljs',
35 silly addNameRange   [ '0.4.1',
35 silly addNameRange     '0.4.2',
35 silly addNameRange     '0.4.3',
35 silly addNameRange     '0.5.0',
35 silly addNameRange     '0.5.1',
35 silly addNameRange     '0.5.2',
35 silly addNameRange     '0.5.3',
35 silly addNameRange     '0.5.4',
35 silly addNameRange     '0.6.0',
35 silly addNameRange     '0.6.1' ] ]
36 verbose addNamed [ 'libxmljs', '0.6.1' ]
37 verbose addNamed [ '0.6.1', '0.6.1' ]
38 silly lockFile 20ccf02a-libxmljs-0-6-1 libxmljs@0.6.1
39 verbose lock libxmljs@0.6.1 C:\Users\Travis\AppData\Roaming\npm-cache\20ccf02a-libxmljs-0-6-1.lock
40 silly lockFile 60b19884--org-libxmljs-libxmljs-0-6-1-tgz https://registry.npmjs.org/libxmljs/-/libxmljs-0.6.1.tgz
41 verbose lock https://registry.npmjs.org/libxmljs/-/libxmljs-0.6.1.tgz C:\Users\Travis\AppData\Roaming\npm-cache\60b19884--org-libxmljs-libxmljs-0-6-1-tgz.lock
42 verbose addRemoteTarball [ 'https://registry.npmjs.org/libxmljs/-/libxmljs-0.6.1.tgz',
42 verbose addRemoteTarball   'f8d280293fdc5d8c08dadb6918be493a7123ff98' ]
43 info retry fetch attempt 1 at 16:52:00
44 verbose fetch to= C:\Users\Travis\AppData\Local\Temp\npm-4188\1351378320957-0.2183066790457815\tmp.tgz
45 http GET https://registry.npmjs.org/libxmljs/-/libxmljs-0.6.1.tgz
46 http 200 https://registry.npmjs.org/libxmljs/-/libxmljs-0.6.1.tgz
47 silly shasum updated bytes 32641
48 info shasum f8d280293fdc5d8c08dadb6918be493a7123ff98
48 info shasum C:\Users\Travis\AppData\Local\Temp\npm-4188\1351378320957-0.2183066790457815\tmp.tgz
49 verbose tar unpack C:\Users\Travis\AppData\Local\Temp\npm-4188\1351378320957-0.2183066790457815\tmp.tgz
50 silly lockFile 38f816e0-20957-0-2183066790457815-package C:\Users\Travis\AppData\Local\Temp\npm-4188\1351378320957-0.2183066790457815\package
51 verbose lock C:\Users\Travis\AppData\Local\Temp\npm-4188\1351378320957-0.2183066790457815\package C:\Users\Travis\AppData\Roaming\npm-cache\38f816e0-20957-0-2183066790457815-package.lock
52 silly gunzTarPerm modes [ '755', '644' ]
53 silly gunzTarPerm extractEntry package.json
54 silly gunzTarPerm modified mode [ 'package.json', 438, 420 ]
55 silly gunzTarPerm extractEntry .npmignore
56 silly gunzTarPerm modified mode [ '.npmignore', 438, 420 ]
57 silly gunzTarPerm extractEntry README.md
58 silly gunzTarPerm modified mode [ 'README.md', 438, 420 ]
59 silly gunzTarPerm extractEntry LICENSE
60 silly gunzTarPerm modified mode [ 'LICENSE', 438, 420 ]
61 silly gunzTarPerm extractEntry index.js
62 silly gunzTarPerm modified mode [ 'index.js', 438, 420 ]
63 silly gunzTarPerm extractEntry lib/bindings.js
64 silly gunzTarPerm modified mode [ 'lib/bindings.js', 438, 420 ]
65 silly gunzTarPerm extractEntry lib/document.js
66 silly gunzTarPerm modified mode [ 'lib/document.js', 438, 420 ]
67 silly gunzTarPerm extractEntry lib/element.js
68 silly gunzTarPerm modified mode [ 'lib/element.js', 438, 420 ]
69 silly gunzTarPerm extractEntry lib/sax_parser.js
70 silly gunzTarPerm modified mode [ 'lib/sax_parser.js', 438, 420 ]
71 silly gunzTarPerm extractEntry .travis.yml
72 silly gunzTarPerm modified mode [ '.travis.yml', 438, 420 ]
73 silly gunzTarPerm extractEntry Makefile
74 silly gunzTarPerm modified mode [ 'Makefile', 438, 420 ]
75 silly gunzTarPerm extractEntry docs/_Sidebar.md
76 silly gunzTarPerm modified mode [ 'docs/_Sidebar.md', 438, 420 ]
77 silly gunzTarPerm extractEntry docs/api/Attribute.md
78 silly gunzTarPerm modified mode [ 'docs/api/Attribute.md', 438, 420 ]
79 silly gunzTarPerm extractEntry docs/api/Element.md
80 silly gunzTarPerm modified mode [ 'docs/api/Element.md', 438, 420 ]
81 silly gunzTarPerm extractEntry docs/api/HtmlDocument.md
82 silly gunzTarPerm modified mode [ 'docs/api/HtmlDocument.md', 438, 420 ]
83 silly gunzTarPerm extractEntry docs/api/Libxmljs.md
84 silly gunzTarPerm modified mode [ 'docs/api/Libxmljs.md', 438, 420 ]
85 silly gunzTarPerm extractEntry docs/api/Namespace.md
86 silly gunzTarPerm modified mode [ 'docs/api/Namespace.md', 438, 420 ]
87 silly gunzTarPerm extractEntry docs/api/Parser.md
88 silly gunzTarPerm modified mode [ 'docs/api/Parser.md', 438, 420 ]
89 silly gunzTarPerm extractEntry docs/api/SaxParser.md
90 silly gunzTarPerm modified mode [ 'docs/api/SaxParser.md', 438, 420 ]
91 silly gunzTarPerm extractEntry docs/api/SaxPushParser.md
92 silly gunzTarPerm modified mode [ 'docs/api/SaxPushParser.md', 438, 420 ]
93 silly gunzTarPerm extractEntry docs/api/SyntaxError.md
94 silly gunzTarPerm modified mode [ 'docs/api/SyntaxError.md', 438, 420 ]
95 silly gunzTarPerm extractEntry docs/api/XmlDocument.md
96 silly gunzTarPerm modified mode [ 'docs/api/XmlDocument.md', 438, 420 ]
97 silly gunzTarPerm extractEntry docs/Home.md
98 silly gunzTarPerm modified mode [ 'docs/Home.md', 438, 420 ]
99 silly gunzTarPerm extractEntry binding.gyp
100 silly gunzTarPerm modified mode [ 'binding.gyp', 438, 420 ]
101 silly gunzTarPerm extractEntry src/xml_namespace.cc
102 silly gunzTarPerm modified mode [ 'src/xml_namespace.cc', 438, 420 ]
103 silly gunzTarPerm extractEntry src/html_document.cc
104 silly gunzTarPerm modified mode [ 'src/html_document.cc', 438, 420 ]
105 silly gunzTarPerm extractEntry src/libxmljs.cc
106 silly gunzTarPerm modified mode [ 'src/libxmljs.cc', 438, 420 ]
107 silly gunzTarPerm extractEntry src/libxmljs.h
108 silly gunzTarPerm modified mode [ 'src/libxmljs.h', 438, 420 ]
109 silly gunzTarPerm extractEntry src/xml_attribute.cc
110 silly gunzTarPerm modified mode [ 'src/xml_attribute.cc', 438, 420 ]
111 silly gunzTarPerm extractEntry src/xml_attribute.h
112 silly gunzTarPerm modified mode [ 'src/xml_attribute.h', 438, 420 ]
113 silly gunzTarPerm extractEntry src/xml_document.cc
114 silly gunzTarPerm modified mode [ 'src/xml_document.cc', 438, 420 ]
115 silly gunzTarPerm extractEntry src/xml_document.h
116 silly gunzTarPerm modified mode [ 'src/xml_document.h', 438, 420 ]
117 silly gunzTarPerm extractEntry src/xml_element.cc
118 silly gunzTarPerm modified mode [ 'src/xml_element.cc', 438, 420 ]
119 silly gunzTarPerm extractEntry src/xml_element.h
120 silly gunzTarPerm modified mode [ 'src/xml_element.h', 438, 420 ]
121 silly gunzTarPerm extractEntry src/html_document.h
122 silly gunzTarPerm modified mode [ 'src/html_document.h', 438, 420 ]
123 silly gunzTarPerm extractEntry src/xml_namespace.h
124 silly gunzTarPerm modified mode [ 'src/xml_namespace.h', 438, 420 ]
125 silly gunzTarPerm extractEntry src/xml_node.cc
126 silly gunzTarPerm modified mode [ 'src/xml_node.cc', 438, 420 ]
127 silly gunzTarPerm extractEntry src/xml_node.h
128 silly gunzTarPerm modified mode [ 'src/xml_node.h', 438, 420 ]
129 silly gunzTarPerm extractEntry src/xml_sax_parser.cc
130 silly gunzTarPerm modified mode [ 'src/xml_sax_parser.cc', 438, 420 ]
131 silly gunzTarPerm extractEntry src/xml_sax_parser.h
132 silly gunzTarPerm modified mode [ 'src/xml_sax_parser.h', 438, 420 ]
133 silly gunzTarPerm extractEntry src/xml_syntax_error.cc
134 silly gunzTarPerm modified mode [ 'src/xml_syntax_error.cc', 438, 420 ]
135 silly gunzTarPerm extractEntry src/xml_syntax_error.h
136 silly gunzTarPerm modified mode [ 'src/xml_syntax_error.h', 438, 420 ]
137 silly gunzTarPerm extractEntry src/xml_xpath_context.cc
138 silly gunzTarPerm modified mode [ 'src/xml_xpath_context.cc', 438, 420 ]
139 silly gunzTarPerm extractEntry src/xml_xpath_context.h
140 silly gunzTarPerm modified mode [ 'src/xml_xpath_context.h', 438, 420 ]
141 silly gunzTarPerm extractEntry test/attribute.js
142 silly gunzTarPerm modified mode [ 'test/attribute.js', 438, 420 ]
143 silly gunzTarPerm extractEntry test/xml_parser.js
144 silly gunzTarPerm modified mode [ 'test/xml_parser.js', 438, 420 ]
145 silly gunzTarPerm extractEntry test/html_parser.js
146 silly gunzTarPerm modified mode [ 'test/html_parser.js', 438, 420 ]
147 silly gunzTarPerm extractEntry test/main.js
148 silly gunzTarPerm modified mode [ 'test/main.js', 438, 420 ]
149 silly gunzTarPerm extractEntry test/element.js
150 silly gunzTarPerm modified mode [ 'test/element.js', 438, 420 ]
151 silly gunzTarPerm extractEntry test/document.js
152 silly gunzTarPerm modified mode [ 'test/document.js', 438, 420 ]
153 silly gunzTarPerm extractEntry test/ref_integrity.js
154 silly gunzTarPerm modified mode [ 'test/ref_integrity.js', 438, 420 ]
155 silly gunzTarPerm extractEntry test/searching.js
156 silly gunzTarPerm modified mode [ 'test/searching.js', 438, 420 ]
157 silly gunzTarPerm extractEntry test/text_node.js
158 silly gunzTarPerm modified mode [ 'test/text_node.js', 438, 420 ]
159 silly gunzTarPerm extractEntry test/traversal.js
160 silly gunzTarPerm modified mode [ 'test/traversal.js', 438, 420 ]
161 silly gunzTarPerm extractEntry test/namespace.js
162 silly gunzTarPerm modified mode [ 'test/namespace.js', 438, 420 ]
163 silly gunzTarPerm extractEntry test/xml_sax_parser.js
164 silly gunzTarPerm modified mode [ 'test/xml_sax_parser.js', 438, 420 ]
165 silly gunzTarPerm extractEntry test/node_attributes.js
166 silly gunzTarPerm modified mode [ 'test/node_attributes.js', 438, 420 ]
167 silly gunzTarPerm extractEntry test/fixtures/errors/comment.xml
168 silly gunzTarPerm modified mode [ 'test/fixtures/errors/comment.xml', 438, 420 ]
169 silly gunzTarPerm extractEntry test/fixtures/parser-utf16.xml
170 silly gunzTarPerm modified mode [ 'test/fixtures/parser-utf16.xml', 438, 420 ]
171 silly gunzTarPerm extractEntry test/fixtures/parser.html
172 silly gunzTarPerm modified mode [ 'test/fixtures/parser.html', 438, 420 ]
173 silly gunzTarPerm extractEntry test/fixtures/parser.xml
174 silly gunzTarPerm modified mode [ 'test/fixtures/parser.xml', 438, 420 ]
175 silly gunzTarPerm extractEntry test/fixtures/sax_parser.xml
176 silly gunzTarPerm modified mode [ 'test/fixtures/sax_parser.xml', 438, 420 ]
177 silly gunzTarPerm extractEntry test/fixtures/warnings/amp.html
178 silly gunzTarPerm modified mode [ 'test/fixtures/warnings/amp.html', 438, 420 ]
179 silly gunzTarPerm extractEntry test/fixtures/warnings/ent9.xml
180 silly gunzTarPerm modified mode [ 'test/fixtures/warnings/ent9.xml', 438, 420 ]
181 silly gunzTarPerm extractEntry wscript
182 silly gunzTarPerm modified mode [ 'wscript', 438, 420 ]
183 verbose read json C:\Users\Travis\AppData\Local\Temp\npm-4188\1351378320957-0.2183066790457815\package\package.json
184 silly lockFile 38f816e0-20957-0-2183066790457815-package C:\Users\Travis\AppData\Local\Temp\npm-4188\1351378320957-0.2183066790457815\package
185 verbose from cache C:\Users\Travis\AppData\Local\Temp\npm-4188\1351378320957-0.2183066790457815\package\package.json
186 verbose tar pack [ 'C:\\Users\\Travis\\AppData\\Roaming\\npm-cache\\libxmljs\\0.6.1\\package.tgz',
186 verbose tar pack   'C:\\Users\\Travis\\AppData\\Local\\Temp\\npm-4188\\1351378320957-0.2183066790457815\\package' ]
187 verbose tarball C:\Users\Travis\AppData\Roaming\npm-cache\libxmljs\0.6.1\package.tgz
188 verbose folder C:\Users\Travis\AppData\Local\Temp\npm-4188\1351378320957-0.2183066790457815\package
189 silly lockFile de158104-cache-libxmljs-0-6-1-package-tgz C:\Users\Travis\AppData\Roaming\npm-cache\libxmljs\0.6.1\package.tgz
190 verbose lock C:\Users\Travis\AppData\Roaming\npm-cache\libxmljs\0.6.1\package.tgz C:\Users\Travis\AppData\Roaming\npm-cache\de158104-cache-libxmljs-0-6-1-package-tgz.lock
191 silly lockFile de158104-cache-libxmljs-0-6-1-package-tgz C:\Users\Travis\AppData\Roaming\npm-cache\libxmljs\0.6.1\package.tgz
192 silly lockFile a286b7e8-npm-cache-libxmljs-0-6-1-package C:\Users\Travis\AppData\Roaming\npm-cache\libxmljs\0.6.1\package
193 verbose lock C:\Users\Travis\AppData\Roaming\npm-cache\libxmljs\0.6.1\package C:\Users\Travis\AppData\Roaming\npm-cache\a286b7e8-npm-cache-libxmljs-0-6-1-package.lock
194 silly lockFile a286b7e8-npm-cache-libxmljs-0-6-1-package C:\Users\Travis\AppData\Roaming\npm-cache\libxmljs\0.6.1\package
195 verbose tar unpack C:\Users\Travis\AppData\Roaming\npm-cache\libxmljs\0.6.1\package.tgz
196 silly lockFile a286b7e8-npm-cache-libxmljs-0-6-1-package C:\Users\Travis\AppData\Roaming\npm-cache\libxmljs\0.6.1\package
197 verbose lock C:\Users\Travis\AppData\Roaming\npm-cache\libxmljs\0.6.1\package C:\Users\Travis\AppData\Roaming\npm-cache\a286b7e8-npm-cache-libxmljs-0-6-1-package.lock
198 silly gunzTarPerm modes [ '755', '644' ]
199 silly gunzTarPerm extractEntry package.json
200 silly gunzTarPerm modified mode [ 'package.json', 438, 420 ]
201 silly gunzTarPerm extractEntry .npmignore
202 silly gunzTarPerm modified mode [ '.npmignore', 438, 420 ]
203 silly gunzTarPerm extractEntry README.md
204 silly gunzTarPerm modified mode [ 'README.md', 438, 420 ]
205 silly gunzTarPerm extractEntry LICENSE
206 silly gunzTarPerm modified mode [ 'LICENSE', 438, 420 ]
207 silly gunzTarPerm extractEntry index.js
208 silly gunzTarPerm modified mode [ 'index.js', 438, 420 ]
209 silly gunzTarPerm extractEntry lib/bindings.js
210 silly gunzTarPerm modified mode [ 'lib/bindings.js', 438, 420 ]
211 silly gunzTarPerm extractEntry lib/document.js
212 silly gunzTarPerm modified mode [ 'lib/document.js', 438, 420 ]
213 silly gunzTarPerm extractEntry lib/element.js
214 silly gunzTarPerm modified mode [ 'lib/element.js', 438, 420 ]
215 silly gunzTarPerm extractEntry lib/sax_parser.js
216 silly gunzTarPerm modified mode [ 'lib/sax_parser.js', 438, 420 ]
217 silly gunzTarPerm extractEntry .travis.yml
218 silly gunzTarPerm modified mode [ '.travis.yml', 438, 420 ]
219 silly gunzTarPerm extractEntry Makefile
220 silly gunzTarPerm modified mode [ 'Makefile', 438, 420 ]
221 silly gunzTarPerm extractEntry docs/api/Attribute.md
222 silly gunzTarPerm modified mode [ 'docs/api/Attribute.md', 438, 420 ]
223 silly gunzTarPerm extractEntry docs/api/Element.md
224 silly gunzTarPerm modified mode [ 'docs/api/Element.md', 438, 420 ]
225 silly gunzTarPerm extractEntry docs/api/HtmlDocument.md
226 silly gunzTarPerm modified mode [ 'docs/api/HtmlDocument.md', 438, 420 ]
227 silly gunzTarPerm extractEntry docs/api/Libxmljs.md
228 silly gunzTarPerm modified mode [ 'docs/api/Libxmljs.md', 438, 420 ]
229 silly gunzTarPerm extractEntry docs/api/Namespace.md
230 silly gunzTarPerm modified mode [ 'docs/api/Namespace.md', 438, 420 ]
231 silly gunzTarPerm extractEntry docs/api/Parser.md
232 silly gunzTarPerm modified mode [ 'docs/api/Parser.md', 438, 420 ]
233 silly gunzTarPerm extractEntry docs/api/SaxParser.md
234 silly gunzTarPerm modified mode [ 'docs/api/SaxParser.md', 438, 420 ]
235 silly gunzTarPerm extractEntry docs/api/SaxPushParser.md
236 silly gunzTarPerm modified mode [ 'docs/api/SaxPushParser.md', 438, 420 ]
237 silly gunzTarPerm extractEntry docs/api/SyntaxError.md
238 silly gunzTarPerm modified mode [ 'docs/api/SyntaxError.md', 438, 420 ]
239 silly gunzTarPerm extractEntry docs/api/XmlDocument.md
240 silly gunzTarPerm modified mode [ 'docs/api/XmlDocument.md', 438, 420 ]
241 silly gunzTarPerm extractEntry docs/Home.md
242 silly gunzTarPerm modified mode [ 'docs/Home.md', 438, 420 ]
243 silly gunzTarPerm extractEntry docs/_Sidebar.md
244 silly gunzTarPerm modified mode [ 'docs/_Sidebar.md', 438, 420 ]
245 silly gunzTarPerm extractEntry binding.gyp
246 silly gunzTarPerm modified mode [ 'binding.gyp', 438, 420 ]
247 silly gunzTarPerm extractEntry src/xml_namespace.cc
248 silly gunzTarPerm modified mode [ 'src/xml_namespace.cc', 438, 420 ]
249 silly gunzTarPerm extractEntry src/html_document.cc
250 silly gunzTarPerm modified mode [ 'src/html_document.cc', 438, 420 ]
251 silly gunzTarPerm extractEntry src/libxmljs.cc
252 silly gunzTarPerm modified mode [ 'src/libxmljs.cc', 438, 420 ]
253 silly gunzTarPerm extractEntry src/libxmljs.h
254 silly gunzTarPerm modified mode [ 'src/libxmljs.h', 438, 420 ]
255 silly gunzTarPerm extractEntry src/xml_attribute.cc
256 silly gunzTarPerm modified mode [ 'src/xml_attribute.cc', 438, 420 ]
257 silly gunzTarPerm extractEntry src/xml_attribute.h
258 silly gunzTarPerm modified mode [ 'src/xml_attribute.h', 438, 420 ]
259 silly gunzTarPerm extractEntry src/xml_document.cc
260 silly gunzTarPerm modified mode [ 'src/xml_document.cc', 438, 420 ]
261 silly gunzTarPerm extractEntry src/xml_document.h
262 silly gunzTarPerm modified mode [ 'src/xml_document.h', 438, 420 ]
263 silly gunzTarPerm extractEntry src/xml_element.cc
264 silly gunzTarPerm modified mode [ 'src/xml_element.cc', 438, 420 ]
265 silly gunzTarPerm extractEntry src/xml_element.h
266 silly gunzTarPerm modified mode [ 'src/xml_element.h', 438, 420 ]
267 silly gunzTarPerm extractEntry src/html_document.h
268 silly gunzTarPerm modified mode [ 'src/html_document.h', 438, 420 ]
269 silly gunzTarPerm extractEntry src/xml_namespace.h
270 silly gunzTarPerm modified mode [ 'src/xml_namespace.h', 438, 420 ]
271 silly gunzTarPerm extractEntry src/xml_node.cc
272 silly gunzTarPerm modified mode [ 'src/xml_node.cc', 438, 420 ]
273 silly gunzTarPerm extractEntry src/xml_node.h
274 silly gunzTarPerm modified mode [ 'src/xml_node.h', 438, 420 ]
275 silly gunzTarPerm extractEntry src/xml_sax_parser.cc
276 silly gunzTarPerm modified mode [ 'src/xml_sax_parser.cc', 438, 420 ]
277 silly gunzTarPerm extractEntry src/xml_sax_parser.h
278 silly gunzTarPerm modified mode [ 'src/xml_sax_parser.h', 438, 420 ]
279 silly gunzTarPerm extractEntry src/xml_syntax_error.cc
280 silly gunzTarPerm modified mode [ 'src/xml_syntax_error.cc', 438, 420 ]
281 silly gunzTarPerm extractEntry src/xml_syntax_error.h
282 silly gunzTarPerm modified mode [ 'src/xml_syntax_error.h', 438, 420 ]
283 silly gunzTarPerm extractEntry src/xml_xpath_context.cc
284 silly gunzTarPerm modified mode [ 'src/xml_xpath_context.cc', 438, 420 ]
285 silly gunzTarPerm extractEntry src/xml_xpath_context.h
286 silly gunzTarPerm modified mode [ 'src/xml_xpath_context.h', 438, 420 ]
287 silly gunzTarPerm extractEntry test/attribute.js
288 silly gunzTarPerm modified mode [ 'test/attribute.js', 438, 420 ]
289 silly gunzTarPerm extractEntry test/xml_parser.js
290 silly gunzTarPerm modified mode [ 'test/xml_parser.js', 438, 420 ]
291 silly gunzTarPerm extractEntry test/html_parser.js
292 silly gunzTarPerm modified mode [ 'test/html_parser.js', 438, 420 ]
293 silly gunzTarPerm extractEntry test/main.js
294 silly gunzTarPerm modified mode [ 'test/main.js', 438, 420 ]
295 silly gunzTarPerm extractEntry test/element.js
296 silly gunzTarPerm modified mode [ 'test/element.js', 438, 420 ]
297 silly gunzTarPerm extractEntry test/document.js
298 silly gunzTarPerm modified mode [ 'test/document.js', 438, 420 ]
299 silly gunzTarPerm extractEntry test/ref_integrity.js
300 silly gunzTarPerm modified mode [ 'test/ref_integrity.js', 438, 420 ]
301 silly gunzTarPerm extractEntry test/searching.js
302 silly gunzTarPerm modified mode [ 'test/searching.js', 438, 420 ]
303 silly gunzTarPerm extractEntry test/text_node.js
304 silly gunzTarPerm modified mode [ 'test/text_node.js', 438, 420 ]
305 silly gunzTarPerm extractEntry test/traversal.js
306 silly gunzTarPerm modified mode [ 'test/traversal.js', 438, 420 ]
307 silly gunzTarPerm extractEntry test/namespace.js
308 silly gunzTarPerm modified mode [ 'test/namespace.js', 438, 420 ]
309 silly gunzTarPerm extractEntry test/xml_sax_parser.js
310 silly gunzTarPerm modified mode [ 'test/xml_sax_parser.js', 438, 420 ]
311 silly gunzTarPerm extractEntry test/node_attributes.js
312 silly gunzTarPerm modified mode [ 'test/node_attributes.js', 438, 420 ]
313 silly gunzTarPerm extractEntry test/fixtures/errors/comment.xml
314 silly gunzTarPerm modified mode [ 'test/fixtures/errors/comment.xml', 438, 420 ]
315 silly gunzTarPerm extractEntry test/fixtures/parser-utf16.xml
316 silly gunzTarPerm modified mode [ 'test/fixtures/parser-utf16.xml', 438, 420 ]
317 silly gunzTarPerm extractEntry test/fixtures/parser.html
318 silly gunzTarPerm modified mode [ 'test/fixtures/parser.html', 438, 420 ]
319 silly gunzTarPerm extractEntry test/fixtures/parser.xml
320 silly gunzTarPerm modified mode [ 'test/fixtures/parser.xml', 438, 420 ]
321 silly gunzTarPerm extractEntry test/fixtures/sax_parser.xml
322 silly gunzTarPerm modified mode [ 'test/fixtures/sax_parser.xml', 438, 420 ]
323 silly gunzTarPerm extractEntry test/fixtures/warnings/amp.html
324 silly gunzTarPerm modified mode [ 'test/fixtures/warnings/amp.html', 438, 420 ]
325 silly gunzTarPerm extractEntry test/fixtures/warnings/ent9.xml
326 silly gunzTarPerm modified mode [ 'test/fixtures/warnings/ent9.xml', 438, 420 ]
327 silly gunzTarPerm extractEntry wscript
328 silly gunzTarPerm modified mode [ 'wscript', 438, 420 ]
329 verbose read json C:\Users\Travis\AppData\Roaming\npm-cache\libxmljs\0.6.1\package\package.json
330 silly lockFile a286b7e8-npm-cache-libxmljs-0-6-1-package C:\Users\Travis\AppData\Roaming\npm-cache\libxmljs\0.6.1\package
331 silly shasum updated bytes 32452
332 info shasum de35c3499f1e28c6573ec2df7f9c37cc30ef3b70
332 info shasum C:\Users\Travis\AppData\Roaming\npm-cache\libxmljs\0.6.1\package.tgz
333 verbose from cache C:\Users\Travis\AppData\Roaming\npm-cache\libxmljs\0.6.1\package\package.json
334 verbose chmod C:\Users\Travis\AppData\Roaming\npm-cache\libxmljs\0.6.1\package.tgz 644
335 silly chown skipping for windows C:\Users\Travis\AppData\Roaming\npm-cache\libxmljs\0.6.1\package.tgz
336 silly lockFile 60b19884--org-libxmljs-libxmljs-0-6-1-tgz https://registry.npmjs.org/libxmljs/-/libxmljs-0.6.1.tgz
337 silly lockFile 20ccf02a-libxmljs-0-6-1 libxmljs@0.6.1
338 silly lockFile facb906b-libxmljs libxmljs@
339 silly resolved [ { name: 'libxmljs',
339 silly resolved     author: { name: 'Marco Rogers - http://github.com/polotek' },
339 silly resolved     contributors: [ [Object] ],
339 silly resolved     description: 'libxml bindings for v8 javascript engine',
339 silly resolved     version: '0.6.1',
339 silly resolved     scripts:
339 silly resolved      { test: 'node --expose_gc ./node_modules/nodeunit/bin/nodeunit test',
339 silly resolved        install: 'node-gyp rebuild' },
339 silly resolved     repository: { type: 'git', url: 'http://github.com/polotek/libxmljs.git' },
339 silly resolved     bugs: { mail: '', url: 'http://github.com/polotek/libxmljs/issues' },
339 silly resolved     main: './index',
339 silly resolved     engines: { node: '>=0.4.7' },
339 silly resolved     dependencies: { bindings: '1.0.0' },
339 silly resolved     devDependencies: { nodeunit: '*' },
339 silly resolved     gypfile: true,
339 silly resolved     readme: '# Libxmljs\n[![Build Status](https://secure.travis-ci.org/polotek/libxmljs.png?branch=master)](http://travis-ci.org/polotek/libxmljs)\n\nLibXML bindings for [node.js](http://nodejs.org/)\n\n```javascript\nvar libxmljs = require("libxmljs");\nvar xml =  \'<?xml version="1.0" encoding="UTF-8"?>\' +\n           \'<root>\' +\n               \'<child foo="bar">\' +\n                   \'<grandchild baz="fizbuzz">grandchild content</grandchild>\' +\n               \'</child>\' +\n               \'<sibling>with content!</sibling>\' +\n           \'</root>\';\n\nvar xmlDoc = libxmljs.parseXml(xml);\n\n// xpath queries\nvar gchild = xmlDoc.get(\'//grandchild\');\n\nconsole.log(gchild.text());  // prints "grandchild content"\n\nvar children = xmlDoc.root().childNodes();\nvar child = children[0];\n\nconsole.log(child.attr(\'foo\').value()); // prints "bar"\n```\n\nCDATA Example:\n\n```javascript\nvar libxml = require(\'libxmljs\');\n\nvar doc = libxml.Document();\nvar elem = doc.node(\'name1\');\nvar newChild = libxml.Element(doc, \'new-child\');\nelem.addChild(newChild);\n\nvar child1 = elem.node(\'child1\');\nvar child2 = elem.node(\'child2\', \'second\');\nvar newChild = libxml.Element(doc, \'new-child\');\nvar name2 = elem.node(\'name2\');\nname2.addChild(newChild);\nchild2.cdata(\'<h1>cdata test</h1>\').cdata(\'<p>It\\\'s worked</p>\').cdata(\'<hr/>All done\');\n\nconsole.log(\'Document with CDATA: %s\', doc.toString());\n```\n\n## Basics\n\n* Docs - [http://github.com/polotek/libxmljs/wiki](http://github.com/polotek/libxmljs/wiki)\n* Mailing list - [http://groups.google.com/group/libxmljs](http://groups.google.com/group/libxmljs)\n\n## API and Examples\n\nCheck out the wiki [http://github.com/polotek/libxmljs/wiki](http://github.com/polotek/libxmljs/wiki)\n\n## Requirements\n\n* [libxml2](http://www.xmlsoft.org/)\n\nYou will need have the libxml2 library installed and also the libxml2-devel (libxml2-dev on debian systems)\npackage. This comes with the `xml2-config` utility that is needed for\ncompiling.  **This command must be in your path.**\n\n## Installation\n\n**npm**\n\n    npm install libxmljs\n\n**source**\n\nTo build with node waf:\n\n    node-gyp configure\n    node-gyp build\n\nAlternatively, run `make`.\n\n**tests**\n\n    npm test\n',
339 silly resolved     _id: 'libxmljs@0.6.1',
339 silly resolved     dist: { shasum: 'de35c3499f1e28c6573ec2df7f9c37cc30ef3b70' },
339 silly resolved     _from: 'libxmljs' } ]
340 info install libxmljs@0.6.1 into C:\workspace\apihackday
341 info installOne libxmljs@0.6.1
342 verbose from cache C:\Users\Travis\AppData\Roaming\npm-cache\libxmljs\0.6.1\package\package.json
343 info C:\workspace\apihackday\node_modules\libxmljs unbuild
344 verbose read json C:\workspace\apihackday\node_modules\libxmljs\package.json
345 verbose tar unpack C:\Users\Travis\AppData\Roaming\npm-cache\libxmljs\0.6.1\package.tgz
346 silly lockFile 84cdecad-apihackday-node-modules-libxmljs C:\workspace\apihackday\node_modules\libxmljs
347 verbose lock C:\workspace\apihackday\node_modules\libxmljs C:\Users\Travis\AppData\Roaming\npm-cache\84cdecad-apihackday-node-modules-libxmljs.lock
348 silly gunzTarPerm modes [ '755', '644' ]
349 silly gunzTarPerm extractEntry package.json
350 silly gunzTarPerm modified mode [ 'package.json', 438, 420 ]
351 silly gunzTarPerm extractEntry .npmignore
352 silly gunzTarPerm modified mode [ '.npmignore', 438, 420 ]
353 silly gunzTarPerm extractEntry README.md
354 silly gunzTarPerm modified mode [ 'README.md', 438, 420 ]
355 silly gunzTarPerm extractEntry LICENSE
356 silly gunzTarPerm modified mode [ 'LICENSE', 438, 420 ]
357 silly gunzTarPerm extractEntry index.js
358 silly gunzTarPerm modified mode [ 'index.js', 438, 420 ]
359 silly gunzTarPerm extractEntry lib/bindings.js
360 silly gunzTarPerm modified mode [ 'lib/bindings.js', 438, 420 ]
361 silly gunzTarPerm extractEntry lib/document.js
362 silly gunzTarPerm modified mode [ 'lib/document.js', 438, 420 ]
363 silly gunzTarPerm extractEntry lib/element.js
364 silly gunzTarPerm modified mode [ 'lib/element.js', 438, 420 ]
365 silly gunzTarPerm extractEntry lib/sax_parser.js
366 silly gunzTarPerm modified mode [ 'lib/sax_parser.js', 438, 420 ]
367 silly gunzTarPerm extractEntry .travis.yml
368 silly gunzTarPerm modified mode [ '.travis.yml', 438, 420 ]
369 silly gunzTarPerm extractEntry Makefile
370 silly gunzTarPerm modified mode [ 'Makefile', 438, 420 ]
371 silly gunzTarPerm extractEntry docs/api/Attribute.md
372 silly gunzTarPerm modified mode [ 'docs/api/Attribute.md', 438, 420 ]
373 silly gunzTarPerm extractEntry docs/api/Element.md
374 silly gunzTarPerm modified mode [ 'docs/api/Element.md', 438, 420 ]
375 silly gunzTarPerm extractEntry docs/api/HtmlDocument.md
376 silly gunzTarPerm modified mode [ 'docs/api/HtmlDocument.md', 438, 420 ]
377 silly gunzTarPerm extractEntry docs/api/Libxmljs.md
378 silly gunzTarPerm modified mode [ 'docs/api/Libxmljs.md', 438, 420 ]
379 silly gunzTarPerm extractEntry docs/api/Namespace.md
380 silly gunzTarPerm modified mode [ 'docs/api/Namespace.md', 438, 420 ]
381 silly gunzTarPerm extractEntry docs/api/Parser.md
382 silly gunzTarPerm modified mode [ 'docs/api/Parser.md', 438, 420 ]
383 silly gunzTarPerm extractEntry docs/api/SaxParser.md
384 silly gunzTarPerm modified mode [ 'docs/api/SaxParser.md', 438, 420 ]
385 silly gunzTarPerm extractEntry docs/api/SaxPushParser.md
386 silly gunzTarPerm modified mode [ 'docs/api/SaxPushParser.md', 438, 420 ]
387 silly gunzTarPerm extractEntry docs/api/SyntaxError.md
388 silly gunzTarPerm modified mode [ 'docs/api/SyntaxError.md', 438, 420 ]
389 silly gunzTarPerm extractEntry docs/api/XmlDocument.md
390 silly gunzTarPerm modified mode [ 'docs/api/XmlDocument.md', 438, 420 ]
391 silly gunzTarPerm extractEntry docs/Home.md
392 silly gunzTarPerm modified mode [ 'docs/Home.md', 438, 420 ]
393 silly gunzTarPerm extractEntry docs/_Sidebar.md
394 silly gunzTarPerm modified mode [ 'docs/_Sidebar.md', 438, 420 ]
395 silly gunzTarPerm extractEntry binding.gyp
396 silly gunzTarPerm modified mode [ 'binding.gyp', 438, 420 ]
397 silly gunzTarPerm extractEntry src/xml_namespace.cc
398 silly gunzTarPerm modified mode [ 'src/xml_namespace.cc', 438, 420 ]
399 silly gunzTarPerm extractEntry src/html_document.cc
400 silly gunzTarPerm modified mode [ 'src/html_document.cc', 438, 420 ]
401 silly gunzTarPerm extractEntry src/libxmljs.cc
402 silly gunzTarPerm modified mode [ 'src/libxmljs.cc', 438, 420 ]
403 silly gunzTarPerm extractEntry src/libxmljs.h
404 silly gunzTarPerm modified mode [ 'src/libxmljs.h', 438, 420 ]
405 silly gunzTarPerm extractEntry src/xml_attribute.cc
406 silly gunzTarPerm modified mode [ 'src/xml_attribute.cc', 438, 420 ]
407 silly gunzTarPerm extractEntry src/xml_attribute.h
408 silly gunzTarPerm modified mode [ 'src/xml_attribute.h', 438, 420 ]
409 silly gunzTarPerm extractEntry src/xml_document.cc
410 silly gunzTarPerm modified mode [ 'src/xml_document.cc', 438, 420 ]
411 silly gunzTarPerm extractEntry src/xml_document.h
412 silly gunzTarPerm modified mode [ 'src/xml_document.h', 438, 420 ]
413 silly gunzTarPerm extractEntry src/xml_element.cc
414 silly gunzTarPerm modified mode [ 'src/xml_element.cc', 438, 420 ]
415 silly gunzTarPerm extractEntry src/xml_element.h
416 silly gunzTarPerm modified mode [ 'src/xml_element.h', 438, 420 ]
417 silly gunzTarPerm extractEntry src/html_document.h
418 silly gunzTarPerm modified mode [ 'src/html_document.h', 438, 420 ]
419 silly gunzTarPerm extractEntry src/xml_namespace.h
420 silly gunzTarPerm modified mode [ 'src/xml_namespace.h', 438, 420 ]
421 silly gunzTarPerm extractEntry src/xml_node.cc
422 silly gunzTarPerm modified mode [ 'src/xml_node.cc', 438, 420 ]
423 silly gunzTarPerm extractEntry src/xml_node.h
424 silly gunzTarPerm modified mode [ 'src/xml_node.h', 438, 420 ]
425 silly gunzTarPerm extractEntry src/xml_sax_parser.cc
426 silly gunzTarPerm modified mode [ 'src/xml_sax_parser.cc', 438, 420 ]
427 silly gunzTarPerm extractEntry src/xml_sax_parser.h
428 silly gunzTarPerm modified mode [ 'src/xml_sax_parser.h', 438, 420 ]
429 silly gunzTarPerm extractEntry src/xml_syntax_error.cc
430 silly gunzTarPerm modified mode [ 'src/xml_syntax_error.cc', 438, 420 ]
431 silly gunzTarPerm extractEntry src/xml_syntax_error.h
432 silly gunzTarPerm modified mode [ 'src/xml_syntax_error.h', 438, 420 ]
433 silly gunzTarPerm extractEntry src/xml_xpath_context.cc
434 silly gunzTarPerm modified mode [ 'src/xml_xpath_context.cc', 438, 420 ]
435 silly gunzTarPerm extractEntry src/xml_xpath_context.h
436 silly gunzTarPerm modified mode [ 'src/xml_xpath_context.h', 438, 420 ]
437 silly gunzTarPerm extractEntry test/attribute.js
438 silly gunzTarPerm modified mode [ 'test/attribute.js', 438, 420 ]
439 silly gunzTarPerm extractEntry test/xml_parser.js
440 silly gunzTarPerm modified mode [ 'test/xml_parser.js', 438, 420 ]
441 silly gunzTarPerm extractEntry test/html_parser.js
442 silly gunzTarPerm modified mode [ 'test/html_parser.js', 438, 420 ]
443 silly gunzTarPerm extractEntry test/main.js
444 silly gunzTarPerm modified mode [ 'test/main.js', 438, 420 ]
445 silly gunzTarPerm extractEntry test/element.js
446 silly gunzTarPerm modified mode [ 'test/element.js', 438, 420 ]
447 silly gunzTarPerm extractEntry test/document.js
448 silly gunzTarPerm modified mode [ 'test/document.js', 438, 420 ]
449 silly gunzTarPerm extractEntry test/ref_integrity.js
450 silly gunzTarPerm modified mode [ 'test/ref_integrity.js', 438, 420 ]
451 silly gunzTarPerm extractEntry test/searching.js
452 silly gunzTarPerm modified mode [ 'test/searching.js', 438, 420 ]
453 silly gunzTarPerm extractEntry test/text_node.js
454 silly gunzTarPerm modified mode [ 'test/text_node.js', 438, 420 ]
455 silly gunzTarPerm extractEntry test/traversal.js
456 silly gunzTarPerm modified mode [ 'test/traversal.js', 438, 420 ]
457 silly gunzTarPerm extractEntry test/namespace.js
458 silly gunzTarPerm modified mode [ 'test/namespace.js', 438, 420 ]
459 silly gunzTarPerm extractEntry test/xml_sax_parser.js
460 silly gunzTarPerm modified mode [ 'test/xml_sax_parser.js', 438, 420 ]
461 silly gunzTarPerm extractEntry test/node_attributes.js
462 silly gunzTarPerm modified mode [ 'test/node_attributes.js', 438, 420 ]
463 silly gunzTarPerm extractEntry test/fixtures/errors/comment.xml
464 silly gunzTarPerm modified mode [ 'test/fixtures/errors/comment.xml', 438, 420 ]
465 silly gunzTarPerm extractEntry test/fixtures/parser-utf16.xml
466 silly gunzTarPerm modified mode [ 'test/fixtures/parser-utf16.xml', 438, 420 ]
467 silly gunzTarPerm extractEntry test/fixtures/parser.html
468 silly gunzTarPerm modified mode [ 'test/fixtures/parser.html', 438, 420 ]
469 silly gunzTarPerm extractEntry test/fixtures/parser.xml
470 silly gunzTarPerm modified mode [ 'test/fixtures/parser.xml', 438, 420 ]
471 silly gunzTarPerm extractEntry test/fixtures/sax_parser.xml
472 silly gunzTarPerm modified mode [ 'test/fixtures/sax_parser.xml', 438, 420 ]
473 silly gunzTarPerm extractEntry test/fixtures/warnings/amp.html
474 silly gunzTarPerm modified mode [ 'test/fixtures/warnings/amp.html', 438, 420 ]
475 silly gunzTarPerm extractEntry test/fixtures/warnings/ent9.xml
476 silly gunzTarPerm modified mode [ 'test/fixtures/warnings/ent9.xml', 438, 420 ]
477 silly gunzTarPerm extractEntry wscript
478 silly gunzTarPerm modified mode [ 'wscript', 438, 420 ]
479 verbose read json C:\workspace\apihackday\node_modules\libxmljs\package.json
480 silly lockFile 84cdecad-apihackday-node-modules-libxmljs C:\workspace\apihackday\node_modules\libxmljs
481 info preinstall libxmljs@0.6.1
482 verbose from cache C:\workspace\apihackday\node_modules\libxmljs\package.json
483 verbose readDependencies using package.json deps
484 verbose from cache C:\workspace\apihackday\node_modules\libxmljs\package.json
485 verbose readDependencies using package.json deps
486 verbose cache add [ 'bindings@1.0.0', null ]
487 silly cache add name=undefined spec="bindings@1.0.0" args=["bindings@1.0.0",null]
488 verbose parsed url { pathname: 'bindings@1.0.0',
488 verbose parsed url   path: 'bindings@1.0.0',
488 verbose parsed url   href: 'bindings@1.0.0' }
489 silly cache add name="bindings" spec="1.0.0" args=["bindings","1.0.0"]
490 verbose parsed url { pathname: '1.0.0', path: '1.0.0', href: '1.0.0' }
491 verbose addNamed [ 'bindings', '1.0.0' ]
492 verbose addNamed [ '1.0.0', '1.0.0' ]
493 silly lockFile f01e5454-bindings-1-0-0 bindings@1.0.0
494 verbose lock bindings@1.0.0 C:\Users\Travis\AppData\Roaming\npm-cache\f01e5454-bindings-1-0-0.lock
495 verbose url raw bindings/1.0.0
496 verbose url resolving [ 'https://registry.npmjs.org/', './bindings/1.0.0' ]
497 verbose url resolved https://registry.npmjs.org/bindings/1.0.0
498 info trying registry request attempt 1 at 16:52:09
499 http GET https://registry.npmjs.org/bindings/1.0.0
500 http 200 https://registry.npmjs.org/bindings/1.0.0
501 silly registry.get cb [ 200,
501 silly registry.get   { vary: 'Accept',
501 silly registry.get     server: 'CouchDB/1.2.0 (Erlang OTP/R15B)',
501 silly registry.get     etag: '"9OIIS4YU3XTPWRBT47K46CQMO"',
501 silly registry.get     date: 'Sat, 27 Oct 2012 22:52:05 GMT',
501 silly registry.get     'content-type': 'application/json',
501 silly registry.get     'content-length': '4132' } ]
502 silly lockFile ccf0f56a--org-bindings-bindings-1-0-0-tgz https://registry.npmjs.org/bindings/-/bindings-1.0.0.tgz
503 verbose lock https://registry.npmjs.org/bindings/-/bindings-1.0.0.tgz C:\Users\Travis\AppData\Roaming\npm-cache\ccf0f56a--org-bindings-bindings-1-0-0-tgz.lock
504 verbose addRemoteTarball [ 'https://registry.npmjs.org/bindings/-/bindings-1.0.0.tgz',
504 verbose addRemoteTarball   'c3ccde60e9de6807c6f1aa4ef4843af29191c828' ]
505 info retry fetch attempt 1 at 16:52:10
506 verbose fetch to= C:\Users\Travis\AppData\Local\Temp\npm-4188\1351378330829-0.1390615424606949\tmp.tgz
507 http GET https://registry.npmjs.org/bindings/-/bindings-1.0.0.tgz
508 http 200 https://registry.npmjs.org/bindings/-/bindings-1.0.0.tgz
509 silly shasum updated bytes 3456
510 info shasum c3ccde60e9de6807c6f1aa4ef4843af29191c828
510 info shasum C:\Users\Travis\AppData\Local\Temp\npm-4188\1351378330829-0.1390615424606949\tmp.tgz
511 verbose tar unpack C:\Users\Travis\AppData\Local\Temp\npm-4188\1351378330829-0.1390615424606949\tmp.tgz
512 silly lockFile 07e23ce8-30829-0-1390615424606949-package C:\Users\Travis\AppData\Local\Temp\npm-4188\1351378330829-0.1390615424606949\package
513 verbose lock C:\Users\Travis\AppData\Local\Temp\npm-4188\1351378330829-0.1390615424606949\package C:\Users\Travis\AppData\Roaming\npm-cache\07e23ce8-30829-0-1390615424606949-package.lock
514 silly gunzTarPerm modes [ '755', '644' ]
515 silly gunzTarPerm extractEntry package.json
516 silly gunzTarPerm extractEntry README.md
517 silly gunzTarPerm extractEntry bindings.js
518 verbose read json C:\Users\Travis\AppData\Local\Temp\npm-4188\1351378330829-0.1390615424606949\package\package.json
519 silly lockFile 07e23ce8-30829-0-1390615424606949-package C:\Users\Travis\AppData\Local\Temp\npm-4188\1351378330829-0.1390615424606949\package
520 verbose from cache C:\Users\Travis\AppData\Local\Temp\npm-4188\1351378330829-0.1390615424606949\package\package.json
521 verbose tar pack [ 'C:\\Users\\Travis\\AppData\\Roaming\\npm-cache\\bindings\\1.0.0\\package.tgz',
521 verbose tar pack   'C:\\Users\\Travis\\AppData\\Local\\Temp\\npm-4188\\1351378330829-0.1390615424606949\\package' ]
522 verbose tarball C:\Users\Travis\AppData\Roaming\npm-cache\bindings\1.0.0\package.tgz
523 verbose folder C:\Users\Travis\AppData\Local\Temp\npm-4188\1351378330829-0.1390615424606949\package
524 silly lockFile 919da760-cache-bindings-1-0-0-package-tgz C:\Users\Travis\AppData\Roaming\npm-cache\bindings\1.0.0\package.tgz
525 verbose lock C:\Users\Travis\AppData\Roaming\npm-cache\bindings\1.0.0\package.tgz C:\Users\Travis\AppData\Roaming\npm-cache\919da760-cache-bindings-1-0-0-package-tgz.lock
526 silly lockFile 919da760-cache-bindings-1-0-0-package-tgz C:\Users\Travis\AppData\Roaming\npm-cache\bindings\1.0.0\package.tgz
527 silly lockFile 9be3ade4-npm-cache-bindings-1-0-0-package C:\Users\Travis\AppData\Roaming\npm-cache\bindings\1.0.0\package
528 verbose lock C:\Users\Travis\AppData\Roaming\npm-cache\bindings\1.0.0\package C:\Users\Travis\AppData\Roaming\npm-cache\9be3ade4-npm-cache-bindings-1-0-0-package.lock
529 silly lockFile 9be3ade4-npm-cache-bindings-1-0-0-package C:\Users\Travis\AppData\Roaming\npm-cache\bindings\1.0.0\package
530 verbose tar unpack C:\Users\Travis\AppData\Roaming\npm-cache\bindings\1.0.0\package.tgz
531 silly lockFile 9be3ade4-npm-cache-bindings-1-0-0-package C:\Users\Travis\AppData\Roaming\npm-cache\bindings\1.0.0\package
532 verbose lock C:\Users\Travis\AppData\Roaming\npm-cache\bindings\1.0.0\package C:\Users\Travis\AppData\Roaming\npm-cache\9be3ade4-npm-cache-bindings-1-0-0-package.lock
533 silly gunzTarPerm modes [ '755', '644' ]
534 silly gunzTarPerm extractEntry package.json
535 silly gunzTarPerm modified mode [ 'package.json', 438, 420 ]
536 silly gunzTarPerm extractEntry README.md
537 silly gunzTarPerm modified mode [ 'README.md', 438, 420 ]
538 silly gunzTarPerm extractEntry bindings.js
539 silly gunzTarPerm modified mode [ 'bindings.js', 438, 420 ]
540 verbose read json C:\Users\Travis\AppData\Roaming\npm-cache\bindings\1.0.0\package\package.json
541 silly lockFile 9be3ade4-npm-cache-bindings-1-0-0-package C:\Users\Travis\AppData\Roaming\npm-cache\bindings\1.0.0\package
542 silly shasum updated bytes 3437
543 info shasum db1e19d56c0c4dbb6f4d4c1c4a6896762f1dfa9e
543 info shasum C:\Users\Travis\AppData\Roaming\npm-cache\bindings\1.0.0\package.tgz
544 verbose from cache C:\Users\Travis\AppData\Roaming\npm-cache\bindings\1.0.0\package\package.json
545 verbose chmod C:\Users\Travis\AppData\Roaming\npm-cache\bindings\1.0.0\package.tgz 644
546 silly chown skipping for windows C:\Users\Travis\AppData\Roaming\npm-cache\bindings\1.0.0\package.tgz
547 silly lockFile ccf0f56a--org-bindings-bindings-1-0-0-tgz https://registry.npmjs.org/bindings/-/bindings-1.0.0.tgz
548 silly lockFile f01e5454-bindings-1-0-0 bindings@1.0.0
549 silly resolved [ { name: 'bindings',
549 silly resolved     description: 'Helper module for loading your native module\'s .node file',
549 silly resolved     keywords: [ 'native', 'addon', 'bindings', 'gyp', 'waf', 'c', 'c++' ],
549 silly resolved     version: '1.0.0',
549 silly resolved     author:
549 silly resolved      { name: 'Nathan Rajlich',
549 silly resolved        email: 'nathan@tootallnate.net',
549 silly resolved        url: 'http://tootallnate.net' },
549 silly resolved     repository:
549 silly resolved      { type: 'git',
549 silly resolved        url: 'git://github.com/TooTallNate/node-bindings.git' },
549 silly resolved     main: './bindings.js',
549 silly resolved     readme: 'node-bindings\n=============\n### Helper module for loading your native module\'s .node file\n\nThis is a helper module for authors of Node.js native addon modules.\nIt is basically the "swiss army knife" of `require()`ing your native module\'s\n`.node` file.\n\nThroughout the course of Node\'s native addon history, addons have ended up being\ncompiled in a variety of different places, depending on which build tool and which\nversion of node was used. To make matters worse, now the _gyp_ build tool can\nproduce either a _Release_ or _Debug_ build, each being built into different\nlocations.\n\nThis module checks _all_ the possible locations that a native addon would be built\nat, and returns the first one that loads successfully.\n\n\nInstallation\n------------\n\nInstall with `npm`:\n\n``` bash\n$ npm install bindings\n```\n\nOr add it to the `"dependencies"` section of your _package.json_ file.\n\n\nExample\n-------\n\n`require()`ing the proper bindings file for the current node version, platform\nand architecture is as simple as:\n\n``` js\nvar bindings = require(\'bindings\')(\'binding.node\')\n\n// Use your bindings defined in your C files\nbindings.your_c_function()\n```\n\n\nNice Error Output\n-----------------\n\nWhen the `.node` file could not be loaded, `node-bindings` throws an Error with\na nice error message telling you exactly what was tried. You can also check the\n`err.tries` Array property.\n\n```\nError: Could not load the bindings file. Tried:\n → /Users/nrajlich/ref/build/binding.node\n → /Users/nrajlich/ref/build/Debug/binding.node\n → /Users/nrajlich/ref/build/Release/binding.node\n → /Users/nrajlich/ref/out/Debug/binding.node\n → /Users/nrajlich/ref/Debug/binding.node\n → /Users/nrajlich/ref/out/Release/binding.node\n → /Users/nrajlich/ref/Release/binding.node\n → /Users/nrajlich/ref/build/default/binding.node\n → /Users/nrajlich/ref/compiled/0.8.2/darwin/x64/binding.node\n    at bindings (/Users/nrajlich/ref/node_modules/bindings/bindings.js:84:13)\n    at Object.<anonymous> (/Users/nrajlich/ref/lib/ref.js:5:47)\n    at Module._compile (module.js:449:26)\n    at Object.Module._extensions..js (module.js:467:10)\n    at Module.load (module.js:356:32)\n    at Function.Module._load (module.js:312:12)\n    ...\n```\n\n\nLicense\n-------\n\n(The MIT License)\n\nCopyright (c) 2012 Nathan Rajlich &lt;nathan@tootallnate.net&gt;\n\nPermission is hereby granted, free of charge, to any person obtaining\na copy of this software and associated documentation files (the\n\'Software\'), to deal in the Software without restriction, including\nwithout limitation the rights to use, copy, modify, merge, publish,\ndistribute, sublicense, and/or sell copies of the Software, and to\npermit persons to whom the Software is furnished to do so, subject to\nthe following conditions:\n\nThe above copyright notice and this permission notice shall be\nincluded in all copies or substantial portions of the Software.\n\nTHE SOFTWARE IS PROVIDED \'AS IS\', WITHOUT WARRANTY OF ANY KIND,\nEXPRESS OR IMPLIED, INCLUDING BUT NOT LIMITED TO THE WARRANTIES OF\nMERCHANTABILITY, FITNESS FOR A PARTICULAR PURPOSE AND NONINFRINGEMENT.\nIN NO EVENT SHALL THE AUTHORS OR COPYRIGHT HOLDERS BE LIABLE FOR ANY\nCLAIM, DAMAGES OR OTHER LIABILITY, WHETHER IN AN ACTION OF CONTRACT,\nTORT OR OTHERWISE, ARISING FROM, OUT OF OR IN CONNECTION WITH THE\nSOFTWARE OR THE USE OR OTHER DEALINGS IN THE SOFTWARE.\n',
549 silly resolved     _id: 'bindings@1.0.0',
549 silly resolved     dist: { shasum: 'db1e19d56c0c4dbb6f4d4c1c4a6896762f1dfa9e' },
549 silly resolved     _from: 'bindings@1.0.0' } ]
550 info install bindings@1.0.0 into C:\workspace\apihackday\node_modules\libxmljs
551 info installOne bindings@1.0.0
552 verbose from cache C:\Users\Travis\AppData\Roaming\npm-cache\bindings\1.0.0\package\package.json
553 info C:\workspace\apihackday\node_modules\libxmljs\node_modules\bindings unbuild
554 verbose read json C:\workspace\apihackday\node_modules\libxmljs\node_modules\bindings\package.json
555 verbose tar unpack C:\Users\Travis\AppData\Roaming\npm-cache\bindings\1.0.0\package.tgz
556 silly lockFile d0d221d4-s-libxmljs-node-modules-bindings C:\workspace\apihackday\node_modules\libxmljs\node_modules\bindings
557 verbose lock C:\workspace\apihackday\node_modules\libxmljs\node_modules\bindings C:\Users\Travis\AppData\Roaming\npm-cache\d0d221d4-s-libxmljs-node-modules-bindings.lock
558 silly gunzTarPerm modes [ '755', '644' ]
559 silly gunzTarPerm extractEntry package.json
560 silly gunzTarPerm modified mode [ 'package.json', 438, 420 ]
561 silly gunzTarPerm extractEntry README.md
562 silly gunzTarPerm modified mode [ 'README.md', 438, 420 ]
563 silly gunzTarPerm extractEntry bindings.js
564 silly gunzTarPerm modified mode [ 'bindings.js', 438, 420 ]
565 verbose read json C:\workspace\apihackday\node_modules\libxmljs\node_modules\bindings\package.json
566 silly lockFile d0d221d4-s-libxmljs-node-modules-bindings C:\workspace\apihackday\node_modules\libxmljs\node_modules\bindings
567 info preinstall bindings@1.0.0
568 verbose from cache C:\workspace\apihackday\node_modules\libxmljs\node_modules\bindings\package.json
569 verbose readDependencies using package.json deps
570 verbose from cache C:\workspace\apihackday\node_modules\libxmljs\node_modules\bindings\package.json
571 verbose readDependencies using package.json deps
572 silly resolved []
573 verbose about to build C:\workspace\apihackday\node_modules\libxmljs\node_modules\bindings
574 info build C:\workspace\apihackday\node_modules\libxmljs\node_modules\bindings
575 verbose from cache C:\workspace\apihackday\node_modules\libxmljs\node_modules\bindings\package.json
576 verbose linkStuff [ false,
576 verbose linkStuff   false,
576 verbose linkStuff   false,
576 verbose linkStuff   'C:\\workspace\\apihackday\\node_modules\\libxmljs\\node_modules' ]
577 info linkStuff bindings@1.0.0
578 verbose linkBins bindings@1.0.0
579 verbose linkMans bindings@1.0.0
580 verbose rebuildBundles bindings@1.0.0
581 info install bindings@1.0.0
582 info postinstall bindings@1.0.0
583 verbose about to build C:\workspace\apihackday\node_modules\libxmljs
584 info build C:\workspace\apihackday\node_modules\libxmljs
585 verbose from cache C:\workspace\apihackday\node_modules\libxmljs\package.json
586 verbose linkStuff [ false, false, false, 'C:\\workspace\\apihackday\\node_modules' ]
587 info linkStuff libxmljs@0.6.1
588 verbose linkBins libxmljs@0.6.1
589 verbose linkMans libxmljs@0.6.1
590 verbose rebuildBundles libxmljs@0.6.1
591 verbose rebuildBundles [ 'bindings' ]
592 info install libxmljs@0.6.1
593 verbose unsafe-perm in lifecycle true
594 silly exec cmd "/c" "node-gyp rebuild"
595 silly cmd,/c,node-gyp rebuild,C:\workspace\apihackday\node_modules\libxmljs spawning
596 info libxmljs@0.6.1 Failed to exec install script
597 info C:\workspace\apihackday\node_modules\libxmljs unbuild
598 verbose from cache C:\workspace\apihackday\node_modules\libxmljs\package.json
599 info preuninstall libxmljs@0.6.1
600 info uninstall libxmljs@0.6.1
601 verbose true,C:\workspace\apihackday\node_modules,C:\workspace\apihackday\node_modules unbuild libxmljs@0.6.1
602 info postuninstall libxmljs@0.6.1
603 error libxmljs@0.6.1 install: `node-gyp rebuild`
603 error `cmd "/c" "node-gyp rebuild"` failed with 1
604 error Failed at the libxmljs@0.6.1 install script.
604 error This is most likely a problem with the libxmljs package,
604 error not with npm itself.
604 error Tell the author that this fails on your system:
604 error     node-gyp rebuild
604 error You can get their info via:
604 error     npm owner ls libxmljs
604 error There is likely additional logging output above.
605 error System Windows_NT 6.1.7601
606 error command "C:\\Program Files (x86)\\nodejs\\\\node.exe" "C:\\Program Files (x86)\\nodejs\\node_modules\\npm\\bin\\npm-cli.js" "install" "libxmljs"
607 error cwd C:\workspace\apihackday
608 error node -v v0.8.9
609 error npm -v 1.1.61
610 error code ELIFECYCLE
611 verbose exit [ 1, true ]
